2021-06-07 20:56:40,480 INFO org.springframework.boot.StartupInfoLogger [restartedMain] Starting TacoMyTacoApplication using Java 15.0.1 on DESKTOP-K0CL95Q with PID 11960 (C:\Users\octob\IdeaProjects\taco-my-taco\target\classes started by octob in C:\Users\octob\IdeaProjects\taco-my-taco)
2021-06-07 20:56:40,483 INFO org.springframework.boot.SpringApplication [restartedMain] No active profile set, falling back to default profiles: default
2021-06-07 20:56:40,544 INFO org.springframework.boot.logging.DeferredLog [restartedMain] Devtools property defaults active! Set 'spring.devtools.add-properties' to 'false' to disable
2021-06-07 20:56:40,544 INFO org.springframework.boot.logging.DeferredLog [restartedMain] For additional web related logging consider setting the 'logging.level.web' property to 'DEBUG'
2021-06-07 20:56:41,371 INFO org.springframework.data.repository.config.RepositoryConfigurationDelegate [restartedMain] Bootstrapping Spring Data JPA repositories in DEFAULT mode.
2021-06-07 20:56:41,436 INFO org.springframework.data.repository.config.RepositoryConfigurationDelegate [restartedMain] Finished Spring Data repository scanning in 50 ms. Found 1 JPA repository interfaces.
2021-06-07 20:56:42,189 INFO org.springframework.boot.web.embedded.tomcat.TomcatWebServer [restartedMain] Tomcat initialized with port(s): 8080 (http)
2021-06-07 20:56:42,205 INFO org.apache.juli.logging.DirectJDKLog [restartedMain] Initializing ProtocolHandler ["http-nio-8080"]
2021-06-07 20:56:42,205 INFO org.apache.juli.logging.DirectJDKLog [restartedMain] Starting service [Tomcat]
2021-06-07 20:56:42,205 INFO org.apache.juli.logging.DirectJDKLog [restartedMain] Starting Servlet engine: [Apache Tomcat/9.0.44]
2021-06-07 20:56:42,314 INFO org.apache.juli.logging.DirectJDKLog [restartedMain] Initializing Spring embedded WebApplicationContext
2021-06-07 20:56:42,314 INFO org.springframework.boot.web.servlet.context.ServletWebServerApplicationContext [restartedMain] Root WebApplicationContext: initialization completed in 1768 ms
2021-06-07 20:56:42,574 INFO com.zaxxer.hikari.HikariDataSource [restartedMain] HikariPool-1 - Starting...
2021-06-07 20:56:42,780 INFO com.zaxxer.hikari.HikariDataSource [restartedMain] HikariPool-1 - Start completed.
2021-06-07 20:56:42,835 INFO org.hibernate.jpa.internal.util.LogHelper [restartedMain] HHH000204: Processing PersistenceUnitInfo [name: default]
2021-06-07 20:56:42,882 INFO org.hibernate.Version [restartedMain] HHH000412: Hibernate ORM core version 5.4.29.Final
2021-06-07 20:56:43,068 INFO org.hibernate.annotations.common.reflection.java.JavaReflectionManager [restartedMain] HCANN000001: Hibernate Commons Annotations {5.1.2.Final}
2021-06-07 20:56:43,212 INFO org.hibernate.dialect.Dialect [restartedMain] HHH000400: Using dialect: org.hibernate.dialect.MySQL8Dialect
2021-06-07 20:56:43,736 INFO org.hibernate.engine.transaction.jta.platform.internal.JtaPlatformInitiator [restartedMain] HHH000490: Using JtaPlatform implementation: [org.hibernate.engine.transaction.jta.platform.internal.NoJtaPlatform]
2021-06-07 20:56:43,744 INFO org.springframework.orm.jpa.AbstractEntityManagerFactoryBean [restartedMain] Initialized JPA EntityManagerFactory for persistence unit 'default'
2021-06-07 20:56:44,097 WARN org.springframework.boot.autoconfigure.orm.jpa.JpaBaseConfiguration$JpaWebConfiguration [restartedMain] spring.jpa.open-in-view is enabled by default. Therefore, database queries may be performed during view rendering. Explicitly configure spring.jpa.open-in-view to disable this warning
2021-06-07 20:56:44,231 INFO org.springframework.scheduling.concurrent.ExecutorConfigurationSupport [restartedMain] Initializing ExecutorService 'applicationTaskExecutor'
2021-06-07 20:56:44,540 INFO org.springframework.boot.devtools.autoconfigure.OptionalLiveReloadServer [restartedMain] LiveReload server is running on port 35729
2021-06-07 20:56:44,555 INFO org.apache.juli.logging.DirectJDKLog [restartedMain] Starting ProtocolHandler ["http-nio-8080"]
2021-06-07 20:56:44,571 INFO org.springframework.boot.web.embedded.tomcat.TomcatWebServer [restartedMain] Tomcat started on port(s): 8080 (http) with context path ''
2021-06-07 20:56:44,587 INFO org.springframework.boot.StartupInfoLogger [restartedMain] Started TacoMyTacoApplication in 4.649 seconds (JVM running for 5.875)
2021-06-07 20:56:44,587 INFO com.taco.tacomytaco.TacoMyTacoApplication [restartedMain] An INFO Message
2021-06-07 20:56:44,587 WARN com.taco.tacomytaco.TacoMyTacoApplication [restartedMain] A WARN Message
2021-06-07 20:56:44,587 ERROR com.taco.tacomytaco.TacoMyTacoApplication [restartedMain] An ERROR Message
2021-06-07 20:56:44,774 INFO org.apache.juli.logging.DirectJDKLog [http-nio-8080-exec-1] Initializing Spring DispatcherServlet 'dispatcherServlet'
2021-06-07 20:56:44,774 INFO org.springframework.web.servlet.FrameworkServlet [http-nio-8080-exec-1] Initializing Servlet 'dispatcherServlet'
2021-06-07 20:56:44,776 INFO org.springframework.web.servlet.FrameworkServlet [http-nio-8080-exec-1] Completed initialization in 2 ms
2021-11-29 10:36:04,586 INFO org.springframework.test.context.support.AbstractTestContextBootstrapper [main] Neither @ContextConfiguration nor @ContextHierarchy found for test class [com.taco.tacomytaco.HomeControllerTest], using SpringBootContextLoader
2021-11-29 10:36:04,596 INFO org.springframework.test.context.support.AbstractContextLoader [main] Could not detect default resource locations for test class [com.taco.tacomytaco.HomeControllerTest]: no resource found for suffixes {-context.xml, Context.groovy}.
2021-11-29 10:36:04,597 INFO org.springframework.test.context.support.AnnotationConfigContextLoaderUtils [main] Could not detect default configuration classes for test class [com.taco.tacomytaco.HomeControllerTest]: HomeControllerTest does not declare any static, non-private, non-final, nested classes annotated with @Configuration.
2021-11-29 10:36:04,787 INFO org.springframework.boot.test.context.SpringBootTestContextBootstrapper [main] Found @SpringBootConfiguration com.taco.tacomytaco.TacoMyTacoApplication for test class com.taco.tacomytaco.HomeControllerTest
2021-11-29 10:36:04,791 INFO org.springframework.test.context.support.AbstractTestContextBootstrapper [main] Loaded default TestExecutionListener class names from location [META-INF/spring.factories]: [org.springframework.boot.test.mock.mockito.MockitoTestExecutionListener, org.springframework.boot.test.mock.mockito.ResetMocksTestExecutionListener, org.springframework.boot.test.autoconfigure.restdocs.RestDocsTestExecutionListener, org.springframework.boot.test.autoconfigure.web.client.MockRestServiceServerResetTestExecutionListener, org.springframework.boot.test.autoconfigure.web.servlet.MockMvcPrintOnlyOnFailureTestExecutionListener, org.springframework.boot.test.autoconfigure.web.servlet.WebDriverTestExecutionListener, org.springframework.boot.test.autoconfigure.webservices.client.MockWebServiceServerTestExecutionListener, org.springframework.test.context.web.ServletTestExecutionListener, org.springframework.test.context.support.DirtiesContextBeforeModesTestExecutionListener, org.springframework.test.context.event.ApplicationEventsTestExecutionListener, org.springframework.test.context.support.DependencyInjectionTestExecutionListener, org.springframework.test.context.support.DirtiesContextTestExecutionListener, org.springframework.test.context.transaction.TransactionalTestExecutionListener, org.springframework.test.context.jdbc.SqlScriptsTestExecutionListener, org.springframework.test.context.event.EventPublishingTestExecutionListener]
2021-11-29 10:36:04,804 INFO org.springframework.test.context.support.AbstractTestContextBootstrapper [main] Using TestExecutionListeners: [org.springframework.test.context.web.ServletTestExecutionListener@75f65e45, org.springframework.test.context.support.DirtiesContextBeforeModesTestExecutionListener@6eeade6c, org.springframework.test.context.event.ApplicationEventsTestExecutionListener@4a891c97, org.springframework.boot.test.mock.mockito.MockitoTestExecutionListener@a5bd950, org.springframework.boot.test.autoconfigure.SpringBootDependencyInjectionTestExecutionListener@4d18aa28, org.springframework.test.context.support.DirtiesContextTestExecutionListener@75390459, org.springframework.test.context.event.EventPublishingTestExecutionListener@7756c3cd, org.springframework.boot.test.mock.mockito.ResetMocksTestExecutionListener@2313052e, org.springframework.boot.test.autoconfigure.restdocs.RestDocsTestExecutionListener@2bd2b28e, org.springframework.boot.test.autoconfigure.web.client.MockRestServiceServerResetTestExecutionListener@16746061, org.springframework.boot.test.autoconfigure.web.servlet.MockMvcPrintOnlyOnFailureTestExecutionListener@57fd91c9, org.springframework.boot.test.autoconfigure.web.servlet.WebDriverTestExecutionListener@6cfcd46d, org.springframework.boot.test.autoconfigure.webservices.client.MockWebServiceServerTestExecutionListener@52045dbe]
2021-11-29 10:36:05,344 INFO org.springframework.boot.StartupInfoLogger [main] Starting HomeControllerTest using Java 16.0.2 on DESKTOP-K0CL95Q with PID 2412 (started by octob in C:\Users\octob\IdeaProjects\taco-my-taco)
2021-11-29 10:36:05,348 INFO org.springframework.boot.SpringApplication [main] No active profile set, falling back to default profiles: default
2021-11-29 10:36:06,577 INFO org.springframework.scheduling.concurrent.ExecutorConfigurationSupport [main] Initializing ExecutorService 'applicationTaskExecutor'
2021-11-29 10:36:07,017 INFO org.springframework.mock.web.MockServletContext [main] Initializing Spring TestDispatcherServlet ''
2021-11-29 10:36:07,018 INFO org.springframework.web.servlet.FrameworkServlet [main] Initializing Servlet ''
2021-11-29 10:36:07,020 INFO org.springframework.web.servlet.FrameworkServlet [main] Completed initialization in 1 ms
2021-11-29 10:36:07,711 INFO org.springframework.boot.StartupInfoLogger [main] Started HomeControllerTest in 2.833 seconds (JVM running for 4.674)
2021-11-29 10:36:08,854 INFO org.springframework.scheduling.concurrent.ExecutorConfigurationSupport [SpringContextShutdownHook] Shutting down ExecutorService 'applicationTaskExecutor'
2021-11-29 10:37:49,866 INFO org.springframework.test.context.support.AbstractTestContextBootstrapper [main] Neither @ContextConfiguration nor @ContextHierarchy found for test class [com.taco.tacomytaco.TacoMyTacoApplicationTests], using SpringBootContextLoader
2021-11-29 10:37:49,874 INFO org.springframework.test.context.support.AbstractContextLoader [main] Could not detect default resource locations for test class [com.taco.tacomytaco.TacoMyTacoApplicationTests]: no resource found for suffixes {-context.xml, Context.groovy}.
2021-11-29 10:37:49,876 INFO org.springframework.test.context.support.AnnotationConfigContextLoaderUtils [main] Could not detect default configuration classes for test class [com.taco.tacomytaco.TacoMyTacoApplicationTests]: TacoMyTacoApplicationTests does not declare any static, non-private, non-final, nested classes annotated with @Configuration.
2021-11-29 10:37:50,078 INFO org.springframework.boot.test.context.SpringBootTestContextBootstrapper [main] Found @SpringBootConfiguration com.taco.tacomytaco.TacoMyTacoApplication for test class com.taco.tacomytaco.TacoMyTacoApplicationTests
2021-11-29 10:37:50,235 INFO org.springframework.test.context.support.AbstractTestContextBootstrapper [main] Loaded default TestExecutionListener class names from location [META-INF/spring.factories]: [org.springframework.boot.test.mock.mockito.MockitoTestExecutionListener, org.springframework.boot.test.mock.mockito.ResetMocksTestExecutionListener, org.springframework.boot.test.autoconfigure.restdocs.RestDocsTestExecutionListener, org.springframework.boot.test.autoconfigure.web.client.MockRestServiceServerResetTestExecutionListener, org.springframework.boot.test.autoconfigure.web.servlet.MockMvcPrintOnlyOnFailureTestExecutionListener, org.springframework.boot.test.autoconfigure.web.servlet.WebDriverTestExecutionListener, org.springframework.boot.test.autoconfigure.webservices.client.MockWebServiceServerTestExecutionListener, org.springframework.test.context.web.ServletTestExecutionListener, org.springframework.test.context.support.DirtiesContextBeforeModesTestExecutionListener, org.springframework.test.context.event.ApplicationEventsTestExecutionListener, org.springframework.test.context.support.DependencyInjectionTestExecutionListener, org.springframework.test.context.support.DirtiesContextTestExecutionListener, org.springframework.test.context.transaction.TransactionalTestExecutionListener, org.springframework.test.context.jdbc.SqlScriptsTestExecutionListener, org.springframework.test.context.event.EventPublishingTestExecutionListener]
2021-11-29 10:37:50,255 INFO org.springframework.test.context.support.AbstractTestContextBootstrapper [main] Using TestExecutionListeners: [org.springframework.test.context.web.ServletTestExecutionListener@55493582, org.springframework.test.context.support.DirtiesContextBeforeModesTestExecutionListener@1a20270e, org.springframework.test.context.event.ApplicationEventsTestExecutionListener@6b88ca8c, org.springframework.boot.test.mock.mockito.MockitoTestExecutionListener@336f1079, org.springframework.boot.test.autoconfigure.SpringBootDependencyInjectionTestExecutionListener@2f16c6b3, org.springframework.test.context.support.DirtiesContextTestExecutionListener@34158c08, org.springframework.test.context.event.EventPublishingTestExecutionListener@19e4fcac, org.springframework.boot.test.mock.mockito.ResetMocksTestExecutionListener@52c3cb31, org.springframework.boot.test.autoconfigure.restdocs.RestDocsTestExecutionListener@4b79ac84, org.springframework.boot.test.autoconfigure.web.client.MockRestServiceServerResetTestExecutionListener@53941c2f, org.springframework.boot.test.autoconfigure.web.servlet.MockMvcPrintOnlyOnFailureTestExecutionListener@6dab9b6d, org.springframework.boot.test.autoconfigure.web.servlet.WebDriverTestExecutionListener@21fd5faa, org.springframework.boot.test.autoconfigure.webservices.client.MockWebServiceServerTestExecutionListener@2766ca9d]
2021-11-29 10:37:50,673 INFO org.springframework.boot.StartupInfoLogger [main] Starting TacoMyTacoApplicationTests using Java 16.0.2 on DESKTOP-K0CL95Q with PID 18904 (started by octob in C:\Users\octob\IdeaProjects\taco-my-taco)
2021-11-29 10:37:50,675 INFO org.springframework.boot.SpringApplication [main] No active profile set, falling back to default profiles: default
2021-11-29 10:37:51,994 INFO org.springframework.scheduling.concurrent.ExecutorConfigurationSupport [main] Initializing ExecutorService 'applicationTaskExecutor'
2021-11-29 10:37:52,377 INFO org.springframework.boot.StartupInfoLogger [main] Started TacoMyTacoApplicationTests in 2.027 seconds (JVM running for 3.341)
2021-11-29 10:37:52,791 INFO org.springframework.scheduling.concurrent.ExecutorConfigurationSupport [SpringContextShutdownHook] Shutting down ExecutorService 'applicationTaskExecutor'
2021-11-29 10:38:02,389 INFO org.springframework.test.context.support.AbstractTestContextBootstrapper [main] Neither @ContextConfiguration nor @ContextHierarchy found for test class [com.taco.tacomytaco.HomeControllerTest], using SpringBootContextLoader
2021-11-29 10:38:02,395 INFO org.springframework.test.context.support.AbstractContextLoader [main] Could not detect default resource locations for test class [com.taco.tacomytaco.HomeControllerTest]: no resource found for suffixes {-context.xml, Context.groovy}.
2021-11-29 10:38:02,397 INFO org.springframework.test.context.support.AnnotationConfigContextLoaderUtils [main] Could not detect default configuration classes for test class [com.taco.tacomytaco.HomeControllerTest]: HomeControllerTest does not declare any static, non-private, non-final, nested classes annotated with @Configuration.
2021-11-29 10:38:02,528 INFO org.springframework.boot.test.context.SpringBootTestContextBootstrapper [main] Found @SpringBootConfiguration com.taco.tacomytaco.TacoMyTacoApplication for test class com.taco.tacomytaco.HomeControllerTest
2021-11-29 10:38:02,532 INFO org.springframework.test.context.support.AbstractTestContextBootstrapper [main] Loaded default TestExecutionListener class names from location [META-INF/spring.factories]: [org.springframework.boot.test.mock.mockito.MockitoTestExecutionListener, org.springframework.boot.test.mock.mockito.ResetMocksTestExecutionListener, org.springframework.boot.test.autoconfigure.restdocs.RestDocsTestExecutionListener, org.springframework.boot.test.autoconfigure.web.client.MockRestServiceServerResetTestExecutionListener, org.springframework.boot.test.autoconfigure.web.servlet.MockMvcPrintOnlyOnFailureTestExecutionListener, org.springframework.boot.test.autoconfigure.web.servlet.WebDriverTestExecutionListener, org.springframework.boot.test.autoconfigure.webservices.client.MockWebServiceServerTestExecutionListener, org.springframework.test.context.web.ServletTestExecutionListener, org.springframework.test.context.support.DirtiesContextBeforeModesTestExecutionListener, org.springframework.test.context.event.ApplicationEventsTestExecutionListener, org.springframework.test.context.support.DependencyInjectionTestExecutionListener, org.springframework.test.context.support.DirtiesContextTestExecutionListener, org.springframework.test.context.transaction.TransactionalTestExecutionListener, org.springframework.test.context.jdbc.SqlScriptsTestExecutionListener, org.springframework.test.context.event.EventPublishingTestExecutionListener]
2021-11-29 10:38:02,555 INFO org.springframework.test.context.support.AbstractTestContextBootstrapper [main] Using TestExecutionListeners: [org.springframework.test.context.web.ServletTestExecutionListener@75f65e45, org.springframework.test.context.support.DirtiesContextBeforeModesTestExecutionListener@6eeade6c, org.springframework.test.context.event.ApplicationEventsTestExecutionListener@4a891c97, org.springframework.boot.test.mock.mockito.MockitoTestExecutionListener@a5bd950, org.springframework.boot.test.autoconfigure.SpringBootDependencyInjectionTestExecutionListener@4d18aa28, org.springframework.test.context.support.DirtiesContextTestExecutionListener@75390459, org.springframework.test.context.event.EventPublishingTestExecutionListener@7756c3cd, org.springframework.boot.test.mock.mockito.ResetMocksTestExecutionListener@2313052e, org.springframework.boot.test.autoconfigure.restdocs.RestDocsTestExecutionListener@2bd2b28e, org.springframework.boot.test.autoconfigure.web.client.MockRestServiceServerResetTestExecutionListener@16746061, org.springframework.boot.test.autoconfigure.web.servlet.MockMvcPrintOnlyOnFailureTestExecutionListener@57fd91c9, org.springframework.boot.test.autoconfigure.web.servlet.WebDriverTestExecutionListener@6cfcd46d, org.springframework.boot.test.autoconfigure.webservices.client.MockWebServiceServerTestExecutionListener@52045dbe]
2021-11-29 10:38:02,954 INFO org.springframework.boot.StartupInfoLogger [main] Starting HomeControllerTest using Java 16.0.2 on DESKTOP-K0CL95Q with PID 18896 (started by octob in C:\Users\octob\IdeaProjects\taco-my-taco)
2021-11-29 10:38:02,958 INFO org.springframework.boot.SpringApplication [main] No active profile set, falling back to default profiles: default
2021-11-29 10:38:03,966 INFO org.springframework.scheduling.concurrent.ExecutorConfigurationSupport [main] Initializing ExecutorService 'applicationTaskExecutor'
2021-11-29 10:38:04,281 INFO org.springframework.mock.web.MockServletContext [main] Initializing Spring TestDispatcherServlet ''
2021-11-29 10:38:04,282 INFO org.springframework.web.servlet.FrameworkServlet [main] Initializing Servlet ''
2021-11-29 10:38:04,284 INFO org.springframework.web.servlet.FrameworkServlet [main] Completed initialization in 1 ms
2021-11-29 10:38:04,838 INFO org.springframework.boot.StartupInfoLogger [main] Started HomeControllerTest in 2.235 seconds (JVM running for 3.819)
2021-11-29 10:38:05,648 INFO org.springframework.scheduling.concurrent.ExecutorConfigurationSupport [SpringContextShutdownHook] Shutting down ExecutorService 'applicationTaskExecutor'
2021-11-29 10:44:53,371 INFO org.springframework.test.context.support.AbstractTestContextBootstrapper [main] Neither @ContextConfiguration nor @ContextHierarchy found for test class [com.taco.tacomytaco.HomeControllerTest], using SpringBootContextLoader
2021-11-29 10:44:53,381 INFO org.springframework.test.context.support.AbstractContextLoader [main] Could not detect default resource locations for test class [com.taco.tacomytaco.HomeControllerTest]: no resource found for suffixes {-context.xml, Context.groovy}.
2021-11-29 10:44:53,382 INFO org.springframework.test.context.support.AnnotationConfigContextLoaderUtils [main] Could not detect default configuration classes for test class [com.taco.tacomytaco.HomeControllerTest]: HomeControllerTest does not declare any static, non-private, non-final, nested classes annotated with @Configuration.
2021-11-29 10:44:53,587 INFO org.springframework.boot.test.context.SpringBootTestContextBootstrapper [main] Found @SpringBootConfiguration com.taco.tacomytaco.TacoMyTacoApplication for test class com.taco.tacomytaco.HomeControllerTest
2021-11-29 10:44:53,592 INFO org.springframework.test.context.support.AbstractTestContextBootstrapper [main] Loaded default TestExecutionListener class names from location [META-INF/spring.factories]: [org.springframework.boot.test.mock.mockito.MockitoTestExecutionListener, org.springframework.boot.test.mock.mockito.ResetMocksTestExecutionListener, org.springframework.boot.test.autoconfigure.restdocs.RestDocsTestExecutionListener, org.springframework.boot.test.autoconfigure.web.client.MockRestServiceServerResetTestExecutionListener, org.springframework.boot.test.autoconfigure.web.servlet.MockMvcPrintOnlyOnFailureTestExecutionListener, org.springframework.boot.test.autoconfigure.web.servlet.WebDriverTestExecutionListener, org.springframework.boot.test.autoconfigure.webservices.client.MockWebServiceServerTestExecutionListener, org.springframework.test.context.web.ServletTestExecutionListener, org.springframework.test.context.support.DirtiesContextBeforeModesTestExecutionListener, org.springframework.test.context.event.ApplicationEventsTestExecutionListener, org.springframework.test.context.support.DependencyInjectionTestExecutionListener, org.springframework.test.context.support.DirtiesContextTestExecutionListener, org.springframework.test.context.transaction.TransactionalTestExecutionListener, org.springframework.test.context.jdbc.SqlScriptsTestExecutionListener, org.springframework.test.context.event.EventPublishingTestExecutionListener]
2021-11-29 10:44:53,606 INFO org.springframework.test.context.support.AbstractTestContextBootstrapper [main] Using TestExecutionListeners: [org.springframework.test.context.web.ServletTestExecutionListener@260e86a1, org.springframework.test.context.support.DirtiesContextBeforeModesTestExecutionListener@19648c40, org.springframework.test.context.event.ApplicationEventsTestExecutionListener@12bd8a64, org.springframework.boot.test.mock.mockito.MockitoTestExecutionListener@61e94def, org.springframework.boot.test.autoconfigure.SpringBootDependencyInjectionTestExecutionListener@3300f4fd, org.springframework.test.context.support.DirtiesContextTestExecutionListener@ebb6851, org.springframework.test.context.event.EventPublishingTestExecutionListener@70ab2d48, org.springframework.boot.test.mock.mockito.ResetMocksTestExecutionListener@5b068087, org.springframework.boot.test.autoconfigure.restdocs.RestDocsTestExecutionListener@6f152006, org.springframework.boot.test.autoconfigure.web.client.MockRestServiceServerResetTestExecutionListener@3a393455, org.springframework.boot.test.autoconfigure.web.servlet.MockMvcPrintOnlyOnFailureTestExecutionListener@13518f37, org.springframework.boot.test.autoconfigure.web.servlet.WebDriverTestExecutionListener@7cbc3762, org.springframework.boot.test.autoconfigure.webservices.client.MockWebServiceServerTestExecutionListener@3a6f2de3]
2021-11-29 10:44:54,015 INFO org.springframework.boot.StartupInfoLogger [main] Starting HomeControllerTest using Java 16.0.2 on DESKTOP-K0CL95Q with PID 14032 (started by octob in C:\Users\octob\IdeaProjects\taco-my-taco)
2021-11-29 10:44:54,018 INFO org.springframework.boot.SpringApplication [main] No active profile set, falling back to default profiles: default
2021-11-29 10:44:54,971 INFO org.springframework.scheduling.concurrent.ExecutorConfigurationSupport [main] Initializing ExecutorService 'applicationTaskExecutor'
2021-11-29 10:44:55,297 INFO org.springframework.mock.web.MockServletContext [main] Initializing Spring TestDispatcherServlet ''
2021-11-29 10:44:55,298 INFO org.springframework.web.servlet.FrameworkServlet [main] Initializing Servlet ''
2021-11-29 10:44:55,300 INFO org.springframework.web.servlet.FrameworkServlet [main] Completed initialization in 1 ms
2021-11-29 10:44:55,806 INFO org.springframework.boot.StartupInfoLogger [main] Started HomeControllerTest in 2.142 seconds (JVM running for 3.526)
2021-11-29 10:44:56,607 INFO org.springframework.scheduling.concurrent.ExecutorConfigurationSupport [SpringContextShutdownHook] Shutting down ExecutorService 'applicationTaskExecutor'
2021-11-29 10:46:54,876 INFO org.springframework.boot.StartupInfoLogger [restartedMain] Starting TacoMyTacoApplication using Java 16.0.2 on DESKTOP-K0CL95Q with PID 17048 (C:\Users\octob\IdeaProjects\taco-my-taco\target\classes started by octob in C:\Users\octob\IdeaProjects\taco-my-taco)
2021-11-29 10:46:54,880 INFO org.springframework.boot.SpringApplication [restartedMain] No active profile set, falling back to default profiles: default
2021-11-29 10:46:54,951 INFO org.springframework.boot.logging.DeferredLog [restartedMain] Devtools property defaults active! Set 'spring.devtools.add-properties' to 'false' to disable
2021-11-29 10:46:54,952 INFO org.springframework.boot.logging.DeferredLog [restartedMain] For additional web related logging consider setting the 'logging.level.web' property to 'DEBUG'
2021-11-29 10:46:56,236 INFO org.springframework.boot.web.embedded.tomcat.TomcatWebServer [restartedMain] Tomcat initialized with port(s): 8080 (http)
2021-11-29 10:46:56,254 INFO org.apache.juli.logging.DirectJDKLog [restartedMain] Initializing ProtocolHandler ["http-nio-8080"]
2021-11-29 10:46:56,255 INFO org.apache.juli.logging.DirectJDKLog [restartedMain] Starting service [Tomcat]
2021-11-29 10:46:56,256 INFO org.apache.juli.logging.DirectJDKLog [restartedMain] Starting Servlet engine: [Apache Tomcat/9.0.44]
2021-11-29 10:46:56,338 INFO org.apache.juli.logging.DirectJDKLog [restartedMain] Initializing Spring embedded WebApplicationContext
2021-11-29 10:46:56,338 INFO org.springframework.boot.web.servlet.context.ServletWebServerApplicationContext [restartedMain] Root WebApplicationContext: initialization completed in 1385 ms
2021-11-29 10:46:56,599 INFO org.springframework.scheduling.concurrent.ExecutorConfigurationSupport [restartedMain] Initializing ExecutorService 'applicationTaskExecutor'
2021-11-29 10:46:56,833 INFO org.springframework.boot.devtools.autoconfigure.OptionalLiveReloadServer [restartedMain] LiveReload server is running on port 35729
2021-11-29 10:46:56,848 INFO org.apache.juli.logging.DirectJDKLog [restartedMain] Starting ProtocolHandler ["http-nio-8080"]
2021-11-29 10:46:56,898 INFO org.springframework.boot.web.embedded.tomcat.TomcatWebServer [restartedMain] Tomcat started on port(s): 8080 (http) with context path ''
2021-11-29 10:46:56,909 INFO org.springframework.boot.StartupInfoLogger [restartedMain] Started TacoMyTacoApplication in 2.516 seconds (JVM running for 3.243)
2021-11-29 10:47:44,466 INFO org.apache.juli.logging.DirectJDKLog [http-nio-8080-exec-1] Initializing Spring DispatcherServlet 'dispatcherServlet'
2021-11-29 10:47:44,467 INFO org.springframework.web.servlet.FrameworkServlet [http-nio-8080-exec-1] Initializing Servlet 'dispatcherServlet'
2021-11-29 10:47:44,471 INFO org.springframework.web.servlet.FrameworkServlet [http-nio-8080-exec-1] Completed initialization in 3 ms
